<?xml version="1.0" encoding="UTF-8"?>
<!-- Generated by org.testng.reporters.JUnitReportReporter -->
<testsuite hostname="Sourabh" failures="0" tests="1" name="com.koenig.TestNGXMLExample.Module2" time="0.004" errors="0" timestamp="2025-03-13T14:32:47 IST" skipped="0">
  <testcase classname="com.koenig.TestNGXMLExample.Module2" name="test3" time="0.004"/>
</testsuite> <!-- com.koenig.TestNGXMLExample.Module2 -->
