<?xml version="1.0" encoding="UTF-8"?>
<!-- Generated by org.testng.reporters.JUnitReportReporter -->
<testsuite hostname="Sourabh" failures="0" tests="2" name="com.koenig.TestNGXMLExample.Module1" time="0.032" errors="0" timestamp="2025-03-13T14:32:47 IST" skipped="0">
  <testcase classname="com.koenig.TestNGXMLExample.Module1" name="test1" time="0.026"/>
  <testcase classname="com.koenig.TestNGXMLExample.Module1" name="test2" time="0.006"/>
</testsuite> <!-- com.koenig.TestNGXMLExample.Module1 -->
