<?xml version="1.0" encoding="UTF-8"?>
<!-- Generated by org.testng.reporters.JUnitReportReporter -->
<testsuite hostname="Sourabh" failures="0" tests="1" name="com.koenig.example.TestNG.CalculatorTest" time="0.024" errors="0" timestamp="2025-03-13T14:17:59 IST" skipped="0">
  <testcase classname="com.koenig.example.TestNG.CalculatorTest" name="testAddition" time="0.024"/>
</testsuite> <!-- com.koenig.example.TestNG.CalculatorTest -->
