<?xml version="1.0" encoding="UTF-8"?>
<!-- Generated by org.testng.reporters.JUnitReportReporter -->
<testsuite hostname="Sourabh" failures="0" tests="2" name="com.koenig.example.TestNG.Module1" time="0.018" errors="0" timestamp="2025-03-13T14:23:05 IST" skipped="0">
  <testcase classname="com.koenig.example.TestNG.Module1" name="test2" time="0.002"/>
  <testcase classname="com.koenig.example.TestNG.Module1" name="test1" time="0.016"/>
</testsuite> <!-- com.koenig.example.TestNG.Module1 -->
